   1               		.file	"CDCClassDevice.c"
   2               	__SREG__ = 0x3f
   3               	__SP_H__ = 0x3e
   4               	__SP_L__ = 0x3d
   5               	__CCP__  = 0x34
   6               	__tmp_reg__ = 0
   7               	__zero_reg__ = 1
  15               	.Ltext0:
  16               		.section	.text.CDC_Device_BytesReceived,"ax",@progbits
  17               	.global	CDC_Device_BytesReceived
  19               	CDC_Device_BytesReceived:
  20               	.LFB107:
  21               	.LSM0:
  22               	.LVL0:
  23               	/* prologue: function */
  24               	/* frame size = 0 */
  25 0000 FC01      		movw r30,r24
  26               	.LSM1:
  27 0002 8091 0000 		lds r24,USB_DeviceState
  28               	.LVL1:
  29 0006 8430      		cpi r24,lo8(4)
  30 0008 01F4      		brne .L2
  31 000a 8189      		ldd r24,Z+17
  32 000c 9289      		ldd r25,Z+18
  33 000e A389      		ldd r26,Z+19
  34 0010 B489      		ldd r27,Z+20
  35 0012 0097      		sbiw r24,0
  36 0014 A105      		cpc r26,__zero_reg__
  37 0016 B105      		cpc r27,__zero_reg__
  38 0018 01F0      		breq .L2
  39               	.LSM2:
  40 001a 8581      		ldd r24,Z+5
  41               	.LBB93:
  42               	.LBB94:
  43               	.LSM3:
  44 001c 8093 E900 		sts 233,r24
  45               	.LBE94:
  46               	.LBE93:
  47               	.LBB95:
  48               	.LBB96:
  49               	.LSM4:
  50 0020 8091 E800 		lds r24,232
  51               	.LBE96:
  52               	.LBE95:
  53               	.LSM5:
  54 0024 82FF      		sbrs r24,2
  55 0026 00C0      		rjmp .L2
  56               	.LBB97:
  57               	.LBB98:
  58               	.LSM6:
  59 0028 4091 F300 		lds r20,243
  60 002c 2091 F200 		lds r18,242
  61               	.LBE98:
  62               	.LBE97:
  63               	.LSM7:
  64 0030 942F      		mov r25,r20
  65 0032 80E0      		ldi r24,lo8(0)
  66 0034 30E0      		ldi r19,lo8(0)
  67 0036 822B      		or r24,r18
  68 0038 932B      		or r25,r19
  69 003a 892B      		or r24,r25
  70 003c 01F4      		brne .L3
  71               	.LBB99:
  72               	.LBB100:
  73               	.LSM8:
  74 003e 8091 E800 		lds r24,232
  75 0042 8B77      		andi r24,lo8(123)
  76 0044 8093 E800 		sts 232,r24
  77 0048 00C0      		rjmp .L2
  78               	.L3:
  79               	.LBE100:
  80               	.LBE99:
  81               	.LBB101:
  82               	.LBB102:
  83               	.LSM9:
  84 004a 8091 F300 		lds r24,243
  85 004e 9091 F200 		lds r25,242
  86 0052 382F      		mov r19,r24
  87 0054 20E0      		ldi r18,lo8(0)
  88 0056 492F      		mov r20,r25
  89 0058 50E0      		ldi r21,lo8(0)
  90 005a 422B      		or r20,r18
  91 005c 532B      		or r21,r19
  92 005e 00C0      		rjmp .L4
  93               	.L2:
  94               	.LSM10:
  95 0060 40E0      		ldi r20,lo8(0)
  96 0062 50E0      		ldi r21,hi8(0)
  97               	.L4:
  98               	.LBE102:
  99               	.LBE101:
 100               	.LSM11:
 101 0064 CA01      		movw r24,r20
 102               	/* epilogue start */
 103 0066 0895      		ret
 104               	.LFE107:
 106               		.section	.text.CDC_Device_ReceiveByte,"ax",@progbits
 107               	.global	CDC_Device_ReceiveByte
 109               	CDC_Device_ReceiveByte:
 110               	.LFB108:
 111               	.LSM12:
 112               	.LVL2:
 113               	/* prologue: function */
 114               	/* frame size = 0 */
 115 0000 FC01      		movw r30,r24
 116               	.LSM13:
 117 0002 8091 0000 		lds r24,USB_DeviceState
 118               	.LVL3:
 119 0006 8430      		cpi r24,lo8(4)
 120 0008 01F4      		brne .L7
 121 000a 8189      		ldd r24,Z+17
 122 000c 9289      		ldd r25,Z+18
 123 000e A389      		ldd r26,Z+19
 124 0010 B489      		ldd r27,Z+20
 125 0012 0097      		sbiw r24,0
 126 0014 A105      		cpc r26,__zero_reg__
 127 0016 B105      		cpc r27,__zero_reg__
 128 0018 01F0      		breq .L7
 129               	.LSM14:
 130 001a 8581      		ldd r24,Z+5
 131               	.LBB103:
 132               	.LBB104:
 133               	.LSM15:
 134 001c 8093 E900 		sts 233,r24
 135               	.LBE104:
 136               	.LBE103:
 137               	.LBB105:
 138               	.LBB106:
 139               	.LSM16:
 140 0020 8091 E800 		lds r24,232
 141               	.LBE106:
 142               	.LBE105:
 143               	.LSM17:
 144 0024 82FF      		sbrs r24,2
 145 0026 00C0      		rjmp .L7
 146               	.L8:
 147               	.LBB107:
 148               	.LBB108:
 149               	.LSM18:
 150 0028 4091 F300 		lds r20,243
 151 002c 2091 F200 		lds r18,242
 152               	.LBE108:
 153               	.LBE107:
 154               	.LSM19:
 155 0030 942F      		mov r25,r20
 156 0032 80E0      		ldi r24,lo8(0)
 157 0034 30E0      		ldi r19,lo8(0)
 158 0036 822B      		or r24,r18
 159 0038 932B      		or r25,r19
 160 003a 892B      		or r24,r25
 161 003c 01F4      		brne .L10
 162 003e 6FEF      		ldi r22,lo8(-1)
 163 0040 7FEF      		ldi r23,hi8(-1)
 164               	.LVL4:
 165 0042 00C0      		rjmp .L11
 166               	.LVL5:
 167               	.L10:
 168               	.LBB109:
 169               	.LBB110:
 170               	.LSM20:
 171 0044 8091 F100 		lds r24,241
 172               	.LBE110:
 173               	.LBE109:
 174               	.LSM21:
 175 0048 682F      		mov r22,r24
 176               	.LVL6:
 177 004a 70E0      		ldi r23,lo8(0)
 178               	.LVL7:
 179               	.L11:
 180               	.LBB111:
 181               	.LBB112:
 182               	.LSM22:
 183 004c 4091 F300 		lds r20,243
 184 0050 2091 F200 		lds r18,242
 185               	.LBE112:
 186               	.LBE111:
 187               	.LSM23:
 188 0054 942F      		mov r25,r20
 189 0056 80E0      		ldi r24,lo8(0)
 190 0058 30E0      		ldi r19,lo8(0)
 191 005a 822B      		or r24,r18
 192 005c 932B      		or r25,r19
 193 005e 892B      		or r24,r25
 194 0060 01F4      		brne .L9
 195               	.LBB113:
 196               	.LBB114:
 197               	.LSM24:
 198 0062 8091 E800 		lds r24,232
 199 0066 8B77      		andi r24,lo8(123)
 200 0068 8093 E800 		sts 232,r24
 201 006c 00C0      		rjmp .L9
 202               	.LVL8:
 203               	.L7:
 204 006e 6FEF      		ldi r22,lo8(-1)
 205 0070 7FEF      		ldi r23,hi8(-1)
 206               	.LVL9:
 207               	.L9:
 208               	.LBE114:
 209               	.LBE113:
 210               	.LSM25:
 211 0072 CB01      		movw r24,r22
 212               	.LVL10:
 213               	/* epilogue start */
 214 0074 0895      		ret
 215               	.LFE108:
 217               		.section	.text.CDC_Device_CreateStream,"ax",@progbits
 218               	.global	CDC_Device_CreateStream
 220               	CDC_Device_CreateStream:
 221               	.LFB110:
 222               	.LSM26:
 223               	.LVL11:
 224               	/* prologue: function */
 225               	/* frame size = 0 */
 226 0000 FB01      		movw r30,r22
 227               	.LSM27:
 228 0002 2EE0      		ldi r18,lo8(14)
 229 0004 DB01      		movw r26,r22
 230 0006 1D92      		st X+,__zero_reg__
 231 0008 2A95      	        dec r18
 232 000a 01F4      		brne .-6
 233 000c 23E0      		ldi r18,lo8(3)
 234 000e 2383      		std Z+3,r18
 235 0010 20E0      		ldi r18,lo8(gs(CDC_Device_putchar))
 236 0012 30E0      		ldi r19,hi8(gs(CDC_Device_putchar))
 237 0014 3187      		std Z+9,r19
 238 0016 2087      		std Z+8,r18
 239 0018 20E0      		ldi r18,lo8(gs(CDC_Device_getchar))
 240 001a 30E0      		ldi r19,hi8(gs(CDC_Device_getchar))
 241 001c 3387      		std Z+11,r19
 242 001e 2287      		std Z+10,r18
 243               	.LSM28:
 244 0020 9587      		std Z+13,r25
 245 0022 8487      		std Z+12,r24
 246               	/* epilogue start */
 247               	.LSM29:
 248 0024 0895      		ret
 249               	.LFE110:
 251               		.section	.text.CDC_Device_CreateBlockingStream,"ax",@progbits
 252               	.global	CDC_Device_CreateBlockingStream
 254               	CDC_Device_CreateBlockingStream:
 255               	.LFB111:
 256               	.LSM30:
 257               	.LVL12:
 258               	/* prologue: function */
 259               	/* frame size = 0 */
 260 0000 FB01      		movw r30,r22
 261               	.LSM31:
 262 0002 2EE0      		ldi r18,lo8(14)
 263 0004 DB01      		movw r26,r22
 264 0006 1D92      		st X+,__zero_reg__
 265 0008 2A95      	        dec r18
 266 000a 01F4      		brne .-6
 267 000c 23E0      		ldi r18,lo8(3)
 268 000e 2383      		std Z+3,r18
 269 0010 20E0      		ldi r18,lo8(gs(CDC_Device_putchar))
 270 0012 30E0      		ldi r19,hi8(gs(CDC_Device_putchar))
 271 0014 3187      		std Z+9,r19
 272 0016 2087      		std Z+8,r18
 273 0018 20E0      		ldi r18,lo8(gs(CDC_Device_getchar_Blocking))
 274 001a 30E0      		ldi r19,hi8(gs(CDC_Device_getchar_Blocking))
 275 001c 3387      		std Z+11,r19
 276 001e 2287      		std Z+10,r18
 277               	.LSM32:
 278 0020 9587      		std Z+13,r25
 279 0022 8487      		std Z+12,r24
 280               	/* epilogue start */
 281               	.LSM33:
 282 0024 0895      		ret
 283               	.LFE111:
 285               		.section	.text.CDC_Device_getchar,"ax",@progbits
 287               	CDC_Device_getchar:
 288               	.LFB113:
 289               	.LSM34:
 290               	.LVL13:
 291               	/* prologue: function */
 292               	/* frame size = 0 */
 293               	.LSM35:
 294 0000 FC01      		movw r30,r24
 295 0002 8485      		ldd r24,Z+12
 296 0004 9585      		ldd r25,Z+13
 297               	.LVL14:
 298 0006 0E94 0000 		call CDC_Device_ReceiveByte
 299 000a 9C01      		movw r18,r24
 300               	.LVL15:
 301               	.LSM36:
 302 000c 97FF      		sbrs r25,7
 303 000e 00C0      		rjmp .L18
 304               	.LVL16:
 305 0010 2EEF      		ldi r18,lo8(-2)
 306 0012 3FEF      		ldi r19,hi8(-2)
 307               	.LVL17:
 308               	.L18:
 309               	.LSM37:
 310 0014 C901      		movw r24,r18
 311               	.LVL18:
 312               	/* epilogue start */
 313 0016 0895      		ret
 314               	.LFE113:
 316               		.section	.text.CDC_Device_Event_Stub,"ax",@progbits
 317               	.global	CDC_Device_Event_Stub
 319               	CDC_Device_Event_Stub:
 320               	.LFB115:
 321               	.LSM38:
 322               	/* prologue: function */
 323               	/* frame size = 0 */
 324               	/* epilogue start */
 325               	.LSM39:
 326 0000 0895      		ret
 327               	.LFE115:
 329               		.section	.text.CDC_Device_SendControlLineStateChange,"ax",@progbits
 330               	.global	CDC_Device_SendControlLineStateChange
 332               	CDC_Device_SendControlLineStateChange:
 333               	.LFB109:
 334               	.LSM40:
 335               	.LVL19:
 336 0000 0F93      		push r16
 337 0002 1F93      		push r17
 338 0004 DF93      		push r29
 339 0006 CF93      		push r28
 340 0008 CDB7      		in r28,__SP_L__
 341 000a DEB7      		in r29,__SP_H__
 342 000c 2897      		sbiw r28,8
 343 000e 0FB6      		in __tmp_reg__,__SREG__
 344 0010 F894      		cli
 345 0012 DEBF      		out __SP_H__,r29
 346 0014 0FBE      		out __SREG__,__tmp_reg__
 347 0016 CDBF      		out __SP_L__,r28
 348               	/* prologue: function */
 349               	/* frame size = 8 */
 350 0018 8C01      		movw r16,r24
 351               	.LSM41:
 352 001a 8091 0000 		lds r24,USB_DeviceState
 353               	.LVL20:
 354 001e 8430      		cpi r24,lo8(4)
 355 0020 01F4      		brne .L25
 356 0022 F801      		movw r30,r16
 357 0024 8189      		ldd r24,Z+17
 358 0026 9289      		ldd r25,Z+18
 359 0028 A389      		ldd r26,Z+19
 360 002a B489      		ldd r27,Z+20
 361 002c 0097      		sbiw r24,0
 362 002e A105      		cpc r26,__zero_reg__
 363 0030 B105      		cpc r27,__zero_reg__
 364 0032 01F0      		breq .L25
 365               	.LSM42:
 366 0034 8185      		ldd r24,Z+9
 367               	.LBB115:
 368               	.LBB116:
 369               	.LSM43:
 370 0036 8093 E900 		sts 233,r24
 371               	.LBE116:
 372               	.LBE115:
 373               	.LSM44:
 374 003a DE01      		movw r26,r28
 375 003c 1196      		adiw r26,1
 376 003e E0E0      		ldi r30,lo8(C.21.4265)
 377 0040 F0E0      		ldi r31,hi8(C.21.4265)
 378 0042 88E0      		ldi r24,lo8(8)
 379               	.L24:
 380 0044 0190      		ld r0,Z+
 381 0046 0D92      		st X+,r0
 382 0048 8150      		subi r24,lo8(-(-1))
 383 004a 01F4      		brne .L24
 384               	.LSM45:
 385 004c CE01      		movw r24,r28
 386 004e 0196      		adiw r24,1
 387 0050 68E0      		ldi r22,lo8(8)
 388 0052 70E0      		ldi r23,hi8(8)
 389 0054 40E0      		ldi r20,lo8(0)
 390 0056 50E0      		ldi r21,hi8(0)
 391 0058 0E94 0000 		call Endpoint_Write_Stream_LE
 392               	.LSM46:
 393 005c C801      		movw r24,r16
 394 005e 0F96      		adiw r24,15
 395 0060 62E0      		ldi r22,lo8(2)
 396 0062 70E0      		ldi r23,hi8(2)
 397 0064 40E0      		ldi r20,lo8(0)
 398 0066 50E0      		ldi r21,hi8(0)
 399 0068 0E94 0000 		call Endpoint_Write_Stream_LE
 400               	.LBB117:
 401               	.LBB118:
 402               	.LSM47:
 403 006c 8091 E800 		lds r24,232
 404 0070 8E77      		andi r24,lo8(126)
 405 0072 8093 E800 		sts 232,r24
 406               	.L25:
 407               	/* epilogue start */
 408               	.LBE118:
 409               	.LBE117:
 410               	.LSM48:
 411 0076 2896      		adiw r28,8
 412 0078 0FB6      		in __tmp_reg__,__SREG__
 413 007a F894      		cli
 414 007c DEBF      		out __SP_H__,r29
 415 007e 0FBE      		out __SREG__,__tmp_reg__
 416 0080 CDBF      		out __SP_L__,r28
 417 0082 CF91      		pop r28
 418 0084 DF91      		pop r29
 419 0086 1F91      		pop r17
 420 0088 0F91      		pop r16
 421               	.LVL21:
 422 008a 0895      		ret
 423               	.LFE109:
 425               		.section	.text.CDC_Device_SendData,"ax",@progbits
 426               	.global	CDC_Device_SendData
 428               	CDC_Device_SendData:
 429               	.LFB104:
 430               	.LSM49:
 431               	.LVL22:
 432               	/* prologue: function */
 433               	/* frame size = 0 */
 434 0000 FC01      		movw r30,r24
 435               	.LSM50:
 436 0002 8091 0000 		lds r24,USB_DeviceState
 437               	.LVL23:
 438 0006 8430      		cpi r24,lo8(4)
 439 0008 01F4      		brne .L28
 440 000a 8189      		ldd r24,Z+17
 441 000c 9289      		ldd r25,Z+18
 442 000e A389      		ldd r26,Z+19
 443 0010 B489      		ldd r27,Z+20
 444 0012 0097      		sbiw r24,0
 445 0014 A105      		cpc r26,__zero_reg__
 446 0016 B105      		cpc r27,__zero_reg__
 447 0018 01F0      		breq .L28
 448               	.LSM51:
 449 001a 8181      		ldd r24,Z+1
 450               	.LBB119:
 451               	.LBB120:
 452               	.LSM52:
 453 001c 8093 E900 		sts 233,r24
 454               	.LBE120:
 455               	.LBE119:
 456               	.LSM53:
 457 0020 CB01      		movw r24,r22
 458 0022 BA01      		movw r22,r20
 459               	.LVL24:
 460 0024 40E0      		ldi r20,lo8(0)
 461 0026 50E0      		ldi r21,hi8(0)
 462               	.LVL25:
 463 0028 0E94 0000 		call Endpoint_Write_Stream_LE
 464               	.LVL26:
 465 002c 0895      		ret
 466               	.LVL27:
 467               	.L28:
 468 002e 82E0      		ldi r24,lo8(2)
 469               	.LSM54:
 470 0030 0895      		ret
 471               	.LFE104:
 473               		.section	.text.CDC_Device_Flush,"ax",@progbits
 474               	.global	CDC_Device_Flush
 476               	CDC_Device_Flush:
 477               	.LFB106:
 478               	.LSM55:
 479               	.LVL28:
 480               	/* prologue: function */
 481               	/* frame size = 0 */
 482 0000 FC01      		movw r30,r24
 483               	.LSM56:
 484 0002 8091 0000 		lds r24,USB_DeviceState
 485               	.LVL29:
 486 0006 8430      		cpi r24,lo8(4)
 487 0008 01F4      		brne .L32
 488 000a 8189      		ldd r24,Z+17
 489 000c 9289      		ldd r25,Z+18
 490 000e A389      		ldd r26,Z+19
 491 0010 B489      		ldd r27,Z+20
 492 0012 0097      		sbiw r24,0
 493 0014 A105      		cpc r26,__zero_reg__
 494 0016 B105      		cpc r27,__zero_reg__
 495 0018 01F0      		breq .L32
 496               	.LSM57:
 497 001a 8181      		ldd r24,Z+1
 498               	.LBB121:
 499               	.LBB122:
 500               	.LSM58:
 501 001c 8093 E900 		sts 233,r24
 502               	.LBE122:
 503               	.LBE121:
 504               	.LBB123:
 505               	.LBB124:
 506               	.LSM59:
 507 0020 4091 F300 		lds r20,243
 508 0024 2091 F200 		lds r18,242
 509               	.LBE124:
 510               	.LBE123:
 511               	.LSM60:
 512 0028 942F      		mov r25,r20
 513 002a 80E0      		ldi r24,lo8(0)
 514 002c 30E0      		ldi r19,lo8(0)
 515 002e 822B      		or r24,r18
 516 0030 932B      		or r25,r19
 517 0032 892B      		or r24,r25
 518 0034 01F0      		breq .L33
 519               	.LBB125:
 520               	.LBB126:
 521               	.LSM61:
 522 0036 9091 E800 		lds r25,232
 523               	.LBE126:
 524               	.LBE125:
 525               	.LBB127:
 526               	.LBB128:
 527               	.LSM62:
 528 003a 8091 E800 		lds r24,232
 529 003e 8E77      		andi r24,lo8(126)
 530 0040 8093 E800 		sts 232,r24
 531               	.LBE128:
 532               	.LBE127:
 533               	.LSM63:
 534 0044 95FD      		sbrc r25,5
 535 0046 00C0      		rjmp .L33
 536               	.LSM64:
 537 0048 0E94 0000 		call Endpoint_WaitUntilReady
 538               	.LVL30:
 539 004c 982F      		mov r25,r24
 540               	.LVL31:
 541 004e 8823      		tst r24
 542 0050 01F4      		brne .L34
 543               	.LVL32:
 544               	.LBB129:
 545               	.LBB130:
 546               	.LSM65:
 547 0052 8091 E800 		lds r24,232
 548               	.LVL33:
 549 0056 8E77      		andi r24,lo8(126)
 550 0058 8093 E800 		sts 232,r24
 551 005c 00C0      		rjmp .L34
 552               	.LVL34:
 553               	.L32:
 554 005e 92E0      		ldi r25,lo8(2)
 555               	.LVL35:
 556 0060 00C0      		rjmp .L34
 557               	.LVL36:
 558               	.L33:
 559 0062 90E0      		ldi r25,lo8(0)
 560               	.LVL37:
 561               	.L34:
 562               	.LBE130:
 563               	.LBE129:
 564               	.LSM66:
 565 0064 892F      		mov r24,r25
 566               	/* epilogue start */
 567 0066 0895      		ret
 568               	.LFE106:
 570               		.section	.text.CDC_Device_USBTask,"ax",@progbits
 571               	.global	CDC_Device_USBTask
 573               	CDC_Device_USBTask:
 574               	.LFB102:
 575               	.LSM67:
 576               	.LVL38:
 577               	/* prologue: function */
 578               	/* frame size = 0 */
 579 0000 FC01      		movw r30,r24
 580               	.LSM68:
 581 0002 8091 0000 		lds r24,USB_DeviceState
 582               	.LVL39:
 583 0006 8430      		cpi r24,lo8(4)
 584 0008 01F4      		brne .L38
 585 000a 8189      		ldd r24,Z+17
 586 000c 9289      		ldd r25,Z+18
 587 000e A389      		ldd r26,Z+19
 588 0010 B489      		ldd r27,Z+20
 589 0012 0097      		sbiw r24,0
 590 0014 A105      		cpc r26,__zero_reg__
 591 0016 B105      		cpc r27,__zero_reg__
 592 0018 01F0      		breq .L38
 593               	.LSM69:
 594 001a CF01      		movw r24,r30
 595 001c 0E94 0000 		call CDC_Device_Flush
 596               	.LVL40:
 597               	.L38:
 598 0020 0895      		ret
 599               	.LFE102:
 601               		.section	.text.CDC_Device_getchar_Blocking,"ax",@progbits
 603               	CDC_Device_getchar_Blocking:
 604               	.LFB114:
 605               	.LSM70:
 606               	.LVL41:
 607 0000 CF93      		push r28
 608 0002 DF93      		push r29
 609               	/* prologue: function */
 610               	/* frame size = 0 */
 611 0004 EC01      		movw r28,r24
 612 0006 00C0      		rjmp .L40
 613               	.LVL42:
 614               	.L43:
 615               	.LSM71:
 616 0008 8091 0000 		lds r24,USB_DeviceState
 617               	.LVL43:
 618 000c 8823      		tst r24
 619 000e 01F4      		brne .L41
 620 0010 2EEF      		ldi r18,lo8(-2)
 621 0012 3FEF      		ldi r19,hi8(-2)
 622 0014 00C0      		rjmp .L42
 623               	.L41:
 624               	.LSM72:
 625 0016 8C85      		ldd r24,Y+12
 626 0018 9D85      		ldd r25,Y+13
 627 001a 0E94 0000 		call CDC_Device_USBTask
 628               	.LVL44:
 629               	.LSM73:
 630 001e 0E94 0000 		call USB_USBTask
 631               	.LVL45:
 632               	.L40:
 633               	.LSM74:
 634 0022 8C85      		ldd r24,Y+12
 635 0024 9D85      		ldd r25,Y+13
 636 0026 0E94 0000 		call CDC_Device_ReceiveByte
 637 002a 9C01      		movw r18,r24
 638               	.LVL46:
 639 002c 97FD      		sbrc r25,7
 640 002e 00C0      		rjmp .L43
 641               	.L42:
 642               	.LSM75:
 643 0030 C901      		movw r24,r18
 644               	.LVL47:
 645               	/* epilogue start */
 646 0032 DF91      		pop r29
 647 0034 CF91      		pop r28
 648               	.LVL48:
 649 0036 0895      		ret
 650               	.LFE114:
 652               		.section	.text.CDC_Device_SendByte,"ax",@progbits
 653               	.global	CDC_Device_SendByte
 655               	CDC_Device_SendByte:
 656               	.LFB105:
 657               	.LSM76:
 658               	.LVL49:
 659 0000 1F93      		push r17
 660               	/* prologue: function */
 661               	/* frame size = 0 */
 662 0002 FC01      		movw r30,r24
 663 0004 162F      		mov r17,r22
 664               	.LSM77:
 665 0006 8091 0000 		lds r24,USB_DeviceState
 666               	.LVL50:
 667 000a 8430      		cpi r24,lo8(4)
 668 000c 01F4      		brne .L46
 669               	.LVL51:
 670 000e 8189      		ldd r24,Z+17
 671 0010 9289      		ldd r25,Z+18
 672 0012 A389      		ldd r26,Z+19
 673 0014 B489      		ldd r27,Z+20
 674 0016 0097      		sbiw r24,0
 675 0018 A105      		cpc r26,__zero_reg__
 676 001a B105      		cpc r27,__zero_reg__
 677 001c 01F0      		breq .L46
 678               	.LSM78:
 679 001e 8181      		ldd r24,Z+1
 680               	.LBB131:
 681               	.LBB132:
 682               	.LSM79:
 683 0020 8093 E900 		sts 233,r24
 684               	.LBE132:
 685               	.LBE131:
 686               	.LBB133:
 687               	.LBB134:
 688               	.LSM80:
 689 0024 8091 E800 		lds r24,232
 690               	.LBE134:
 691               	.LBE133:
 692               	.LSM81:
 693 0028 85FD      		sbrc r24,5
 694 002a 00C0      		rjmp .L47
 695               	.LBB135:
 696               	.LBB136:
 697               	.LBB137:
 698               	.LSM82:
 699 002c 8091 E800 		lds r24,232
 700 0030 8E77      		andi r24,lo8(126)
 701 0032 8093 E800 		sts 232,r24
 702               	.LBE137:
 703               	.LBE136:
 704               	.LSM83:
 705 0036 0E94 0000 		call Endpoint_WaitUntilReady
 706               	.LVL52:
 707 003a 8823      		tst r24
 708               	.LVL53:
 709 003c 01F4      		brne .L48
 710               	.LVL54:
 711               	.L47:
 712               	.LBE135:
 713               	.LBB138:
 714               	.LBB139:
 715               	.LSM84:
 716 003e 1093 F100 		sts 241,r17
 717 0042 80E0      		ldi r24,lo8(0)
 718 0044 00C0      		rjmp .L48
 719               	.LVL55:
 720               	.L46:
 721               	.LSM85:
 722 0046 82E0      		ldi r24,lo8(2)
 723               	.LVL56:
 724               	.L48:
 725               	.LVL57:
 726               	/* epilogue start */
 727               	.LBE139:
 728               	.LBE138:
 729               	.LSM86:
 730 0048 1F91      		pop r17
 731               	.LVL58:
 732 004a 0895      		ret
 733               	.LFE105:
 735               		.section	.text.CDC_Device_putchar,"ax",@progbits
 737               	CDC_Device_putchar:
 738               	.LFB112:
 739               	.LSM87:
 740               	.LVL59:
 741               	/* prologue: function */
 742               	/* frame size = 0 */
 743 0000 282F      		mov r18,r24
 744 0002 FB01      		movw r30,r22
 745               	.LSM88:
 746 0004 8485      		ldd r24,Z+12
 747 0006 9585      		ldd r25,Z+13
 748               	.LVL60:
 749 0008 622F      		mov r22,r18
 750               	.LVL61:
 751 000a 0E94 0000 		call CDC_Device_SendByte
 752               	.LVL62:
 753 000e 8823      		tst r24
 754 0010 01F4      		brne .L51
 755 0012 20E0      		ldi r18,lo8(0)
 756 0014 30E0      		ldi r19,hi8(0)
 757 0016 00C0      		rjmp .L52
 758               	.L51:
 759 0018 2FEF      		ldi r18,lo8(-1)
 760 001a 3FEF      		ldi r19,hi8(-1)
 761               	.L52:
 762               	.LSM89:
 763 001c C901      		movw r24,r18
 764               	/* epilogue start */
 765 001e 0895      		ret
 766               	.LFE112:
 768               		.section	.text.CDC_Device_SendString,"ax",@progbits
 769               	.global	CDC_Device_SendString
 771               	CDC_Device_SendString:
 772               	.LFB103:
 773               	.LSM90:
 774               	.LVL63:
 775               	/* prologue: function */
 776               	/* frame size = 0 */
 777 0000 FC01      		movw r30,r24
 778               	.LSM91:
 779 0002 8091 0000 		lds r24,USB_DeviceState
 780               	.LVL64:
 781 0006 8430      		cpi r24,lo8(4)
 782 0008 01F4      		brne .L55
 783 000a 8189      		ldd r24,Z+17
 784 000c 9289      		ldd r25,Z+18
 785 000e A389      		ldd r26,Z+19
 786 0010 B489      		ldd r27,Z+20
 787 0012 0097      		sbiw r24,0
 788 0014 A105      		cpc r26,__zero_reg__
 789 0016 B105      		cpc r27,__zero_reg__
 790 0018 01F0      		breq .L55
 791               	.LSM92:
 792 001a 8181      		ldd r24,Z+1
 793               	.LBB140:
 794               	.LBB141:
 795               	.LSM93:
 796 001c 8093 E900 		sts 233,r24
 797               	.LBE141:
 798               	.LBE140:
 799               	.LSM94:
 800 0020 DB01      		movw r26,r22
 801 0022 0D90      		ld __tmp_reg__,X+
 802 0024 0020      		tst __tmp_reg__
 803 0026 01F4      		brne .-6
 804 0028 1197      		sbiw r26,1
 805 002a A61B      		sub r26,r22
 806 002c B70B      		sbc r27,r23
 807 002e CB01      		movw r24,r22
 808               	.LVL65:
 809 0030 BD01      		movw r22,r26
 810 0032 40E0      		ldi r20,lo8(0)
 811 0034 50E0      		ldi r21,hi8(0)
 812 0036 0E94 0000 		call Endpoint_Write_Stream_LE
 813               	.LVL66:
 814 003a 0895      		ret
 815               	.LVL67:
 816               	.L55:
 817 003c 82E0      		ldi r24,lo8(2)
 818               	.LSM95:
 819 003e 0895      		ret
 820               	.LFE103:
 822               		.section	.text.CDC_Device_ConfigureEndpoints,"ax",@progbits
 823               	.global	CDC_Device_ConfigureEndpoints
 825               	CDC_Device_ConfigureEndpoints:
 826               	.LFB101:
 827               	.LSM96:
 828               	.LVL68:
 829 0000 1F93      		push r17
 830 0002 CF93      		push r28
 831 0004 DF93      		push r29
 832               	/* prologue: function */
 833               	/* frame size = 0 */
 834 0006 EC01      		movw r28,r24
 835               	.LSM97:
 836 0008 0D96      		adiw r24,13
 837               	.LVL69:
 838 000a FC01      		movw r30,r24
 839 000c 8BE0      		ldi r24,lo8(11)
 840 000e DF01      		movw r26,r30
 841 0010 1D92      		st X+,__zero_reg__
 842 0012 8A95      	        dec r24
 843 0014 01F4      		brne .-6
 844 0016 11E0      		ldi r17,lo8(1)
 845               	.LVL70:
 846               	.L69:
 847               	.LBB142:
 848               	.LBB143:
 849               	.LSM98:
 850 0018 8981      		ldd r24,Y+1
 851 001a 1817      		cp r17,r24
 852 001c 01F4      		brne .L59
 853               	.LSM99:
 854 001e 6A81      		ldd r22,Y+2
 855 0020 7B81      		ldd r23,Y+3
 856               	.LVL71:
 857               	.LSM100:
 858 0022 8C81      		ldd r24,Y+4
 859               	.LVL72:
 860 0024 50E8      		ldi r21,lo8(-128)
 861               	.LVL73:
 862 0026 00C0      		rjmp .L72
 863               	.LVL74:
 864               	.L59:
 865               	.LSM101:
 866 0028 8D81      		ldd r24,Y+5
 867 002a 1817      		cp r17,r24
 868 002c 01F4      		brne .L61
 869               	.LSM102:
 870 002e 6E81      		ldd r22,Y+6
 871 0030 7F81      		ldd r23,Y+7
 872               	.LVL75:
 873               	.LSM103:
 874 0032 8885      		ldd r24,Y+8
 875               	.LVL76:
 876 0034 50E0      		ldi r21,lo8(0)
 877               	.LVL77:
 878               	.L72:
 879 0036 32E0      		ldi r19,lo8(2)
 880               	.LVL78:
 881 0038 00C0      		rjmp .L60
 882               	.LVL79:
 883               	.L61:
 884               	.LSM104:
 885 003a 8985      		ldd r24,Y+9
 886 003c 1817      		cp r17,r24
 887 003e 01F4      		brne .L62
 888               	.LSM105:
 889 0040 6A85      		ldd r22,Y+10
 890 0042 7B85      		ldd r23,Y+11
 891               	.LVL80:
 892               	.LSM106:
 893 0044 8C85      		ldd r24,Y+12
 894               	.LVL81:
 895 0046 50E8      		ldi r21,lo8(-128)
 896               	.LVL82:
 897 0048 33E0      		ldi r19,lo8(3)
 898               	.LVL83:
 899               	.L60:
 900               	.LSM107:
 901 004a 8823      		tst r24
 902 004c 01F4      		brne .L63
 903 004e 40E0      		ldi r20,lo8(0)
 904 0050 00C0      		rjmp .L64
 905               	.L63:
 906 0052 44E0      		ldi r20,lo8(4)
 907               	.L64:
 908 0054 20E0      		ldi r18,lo8(0)
 909               	.LVL84:
 910 0056 88E0      		ldi r24,lo8(8)
 911 0058 90E0      		ldi r25,hi8(8)
 912               	.LVL85:
 913 005a 00C0      		rjmp .L65
 914               	.L66:
 915               	.LBB144:
 916               	.LBB145:
 917               	.LBB146:
 918               	.LBB147:
 919               	.LSM108:
 920 005c 2F5F      		subi r18,lo8(-(1))
 921               	.LSM109:
 922 005e 880F      		lsl r24
 923 0060 991F      		rol r25
 924               	.L65:
 925               	.LSM110:
 926 0062 8617      		cp r24,r22
 927 0064 9707      		cpc r25,r23
 928 0066 00F0      		brlo .L66
 929               	.LBE147:
 930               	.LBE146:
 931               	.LBE145:
 932               	.LSM111:
 933 0068 832F      		mov r24,r19
 934               	.LVL86:
 935 006a 90E0      		ldi r25,lo8(0)
 936 006c 36E0      		ldi r19,6
 937 006e 880F      	1:	lsl r24
 938 0070 991F      		rol r25
 939 0072 3A95      		dec r19
 940 0074 01F4      		brne 1b
 941               	.LVL87:
 942 0076 60E0      		ldi r22,lo8(0)
 943               	.LVL88:
 944 0078 5111      		cpse r21,__zero_reg__
 945 007a 61E0      		ldi r22,lo8(1)
 946               	.L67:
 947 007c 682B      		or r22,r24
 948 007e 4260      		ori r20,lo8(2)
 949 0080 2295      		swap r18
 950 0082 207F      		andi r18,lo8(-16)
 951 0084 422B      		or r20,r18
 952 0086 812F      		mov r24,r17
 953 0088 0E94 0000 		call Endpoint_ConfigureEndpoint_Prv
 954               	.LVL89:
 955               	.LBE144:
 956               	.LSM112:
 957 008c 8823      		tst r24
 958 008e 01F0      		breq .L68
 959               	.L62:
 960               	.LBE143:
 961               	.LSM113:
 962 0090 1F5F      		subi r17,lo8(-(1))
 963 0092 1730      		cpi r17,lo8(7)
 964 0094 01F0      		breq .+2
 965 0096 00C0      		rjmp .L69
 966 0098 81E0      		ldi r24,lo8(1)
 967               	.L68:
 968               	/* epilogue start */
 969               	.LBE142:
 970               	.LSM114:
 971 009a DF91      		pop r29
 972 009c CF91      		pop r28
 973               	.LVL90:
 974 009e 1F91      		pop r17
 975               	.LVL91:
 976 00a0 0895      		ret
 977               	.LFE101:
 979               		.section	.text.CDC_Device_ProcessControlRequest,"ax",@progbits
 980               	.global	CDC_Device_ProcessControlRequest
 982               	CDC_Device_ProcessControlRequest:
 983               	.LFB100:
 984               	.LSM115:
 985               	.LVL92:
 986 0000 CF93      		push r28
 987 0002 DF93      		push r29
 988               	/* prologue: function */
 989               	/* frame size = 0 */
 990 0004 EC01      		movw r28,r24
 991               	.LBB148:
 992               	.LBB149:
 993               	.LSM116:
 994 0006 8091 E800 		lds r24,232
 995               	.LVL93:
 996               	.LBE149:
 997               	.LBE148:
 998               	.LSM117:
 999 000a 83FF      		sbrs r24,3
 1000 000c 00C0      		rjmp .L82
 1001               	.LSM118:
 1002 000e 8881      		ld r24,Y
 1003 0010 90E0      		ldi r25,lo8(0)
 1004 0012 2091 0000 		lds r18,USB_ControlRequest+4
 1005 0016 3091 0000 		lds r19,(USB_ControlRequest+4)+1
 1006 001a 2817      		cp r18,r24
 1007 001c 3907      		cpc r19,r25
 1008 001e 01F0      		breq .+2
 1009 0020 00C0      		rjmp .L82
 1010               	.LSM119:
 1011 0022 8091 0000 		lds r24,USB_ControlRequest+1
 1012 0026 8132      		cpi r24,lo8(33)
 1013 0028 01F0      		breq .L76
 1014 002a 8232      		cpi r24,lo8(34)
 1015 002c 00F4      		brsh .L79
 1016 002e 8032      		cpi r24,lo8(32)
 1017 0030 01F0      		breq .+2
 1018 0032 00C0      		rjmp .L82
 1019 0034 00C0      		rjmp .L85
 1020               	.L79:
 1021 0036 8232      		cpi r24,lo8(34)
 1022 0038 01F4      		brne .+2
 1023 003a 00C0      		rjmp .L77
 1024 003c 8332      		cpi r24,lo8(35)
 1025 003e 01F0      		breq .+2
 1026 0040 00C0      		rjmp .L82
 1027 0042 00C0      		rjmp .L86
 1028               	.L76:
 1029               	.LSM120:
 1030 0044 8091 0000 		lds r24,USB_ControlRequest
 1031 0048 813A      		cpi r24,lo8(-95)
 1032 004a 01F0      		breq .+2
 1033 004c 00C0      		rjmp .L82
 1034               	.LBB150:
 1035               	.LBB151:
 1036               	.LSM121:
 1037 004e 8091 E800 		lds r24,232
 1038 0052 877F      		andi r24,lo8(-9)
 1039 0054 8093 E800 		sts 232,r24
 1040               	.L80:
 1041               	.LBE151:
 1042               	.LBE150:
 1043               	.LBB152:
 1044               	.LBB153:
 1045               	.LSM122:
 1046 0058 8091 E800 		lds r24,232
 1047               	.LBE153:
 1048               	.LBE152:
 1049               	.LSM123:
 1050 005c 80FF      		sbrs r24,0
 1051 005e 00C0      		rjmp .L80
 1052               	.LSM124:
 1053 0060 8989      		ldd r24,Y+17
 1054 0062 9A89      		ldd r25,Y+18
 1055 0064 AB89      		ldd r26,Y+19
 1056 0066 BC89      		ldd r27,Y+20
 1057               	.LBB154:
 1058               	.LBB155:
 1059               	.LSM125:
 1060 0068 8093 F100 		sts 241,r24
 1061               	.LSM126:
 1062 006c 292F      		mov r18,r25
 1063 006e 3A2F      		mov r19,r26
 1064 0070 4B2F      		mov r20,r27
 1065 0072 5527      		clr r21
 1066 0074 2093 F100 		sts 241,r18
 1067               	.LSM127:
 1068 0078 9D01      		movw r18,r26
 1069 007a 4427      		clr r20
 1070 007c 5527      		clr r21
 1071 007e 2093 F100 		sts 241,r18
 1072               	.LSM128:
 1073 0082 8B2F      		mov r24,r27
 1074 0084 9927      		clr r25
 1075 0086 AA27      		clr r26
 1076 0088 BB27      		clr r27
 1077 008a 8093 F100 		sts 241,r24
 1078               	.LBE155:
 1079               	.LBE154:
 1080               	.LSM129:
 1081 008e 8D89      		ldd r24,Y+21
 1082               	.LBB156:
 1083               	.LBB157:
 1084               	.LSM130:
 1085 0090 8093 F100 		sts 241,r24
 1086               	.LBE157:
 1087               	.LBE156:
 1088               	.LSM131:
 1089 0094 8E89      		ldd r24,Y+22
 1090               	.LBB158:
 1091               	.LBB159:
 1092               	.LSM132:
 1093 0096 8093 F100 		sts 241,r24
 1094               	.LBE159:
 1095               	.LBE158:
 1096               	.LSM133:
 1097 009a 8F89      		ldd r24,Y+23
 1098               	.LBB160:
 1099               	.LBB161:
 1100               	.LSM134:
 1101 009c 8093 F100 		sts 241,r24
 1102               	.LBE161:
 1103               	.LBE160:
 1104               	.LBB162:
 1105               	.LBB163:
 1106               	.LSM135:
 1107 00a0 8091 E800 		lds r24,232
 1108 00a4 8E77      		andi r24,lo8(126)
 1109 00a6 8093 E800 		sts 232,r24
 1110               	.LBE163:
 1111               	.LBE162:
 1112               	.LSM136:
 1113 00aa 0E94 0000 		call Endpoint_ClearStatusStage
 1114 00ae 00C0      		rjmp .L82
 1115               	.L85:
 1116               	.LSM137:
 1117 00b0 8091 0000 		lds r24,USB_ControlRequest
 1118 00b4 8132      		cpi r24,lo8(33)
 1119 00b6 01F0      		breq .+2
 1120 00b8 00C0      		rjmp .L82
 1121               	.LBB164:
 1122               	.LBB165:
 1123               	.LSM138:
 1124 00ba 8091 E800 		lds r24,232
 1125 00be 877F      		andi r24,lo8(-9)
 1126 00c0 8093 E800 		sts 232,r24
 1127               	.L81:
 1128               	.LBE165:
 1129               	.LBE164:
 1130               	.LBB166:
 1131               	.LBB167:
 1132               	.LSM139:
 1133 00c4 8091 E800 		lds r24,232
 1134               	.LBE167:
 1135               	.LBE166:
 1136               	.LSM140:
 1137 00c8 82FF      		sbrs r24,2
 1138 00ca 00C0      		rjmp .L81
 1139               	.LBB168:
 1140               	.LBB169:
 1141               	.LSM141:
 1142 00cc 8091 F100 		lds r24,241
 1143               	.LSM142:
 1144 00d0 9091 F100 		lds r25,241
 1145               	.LSM143:
 1146 00d4 2091 F100 		lds r18,241
 1147               	.LSM144:
 1148 00d8 3091 F100 		lds r19,241
 1149               	.LBE169:
 1150               	.LBE168:
 1151               	.LSM145:
 1152 00dc 898B      		std Y+17,r24
 1153 00de 9A8B      		std Y+18,r25
 1154 00e0 2B8B      		std Y+19,r18
 1155 00e2 3C8B      		std Y+20,r19
 1156               	.LBB170:
 1157               	.LBB171:
 1158               	.LSM146:
 1159 00e4 8091 F100 		lds r24,241
 1160               	.LBE171:
 1161               	.LBE170:
 1162               	.LSM147:
 1163 00e8 8D8B      		std Y+21,r24
 1164               	.LBB172:
 1165               	.LBB173:
 1166               	.LSM148:
 1167 00ea 8091 F100 		lds r24,241
 1168               	.LBE173:
 1169               	.LBE172:
 1170               	.LSM149:
 1171 00ee 8E8B      		std Y+22,r24
 1172               	.LBB174:
 1173               	.LBB175:
 1174               	.LSM150:
 1175 00f0 8091 F100 		lds r24,241
 1176               	.LBE175:
 1177               	.LBE174:
 1178               	.LSM151:
 1179 00f4 8F8B      		std Y+23,r24
 1180               	.LBB176:
 1181               	.LBB177:
 1182               	.LSM152:
 1183 00f6 8091 E800 		lds r24,232
 1184 00fa 8B77      		andi r24,lo8(123)
 1185 00fc 8093 E800 		sts 232,r24
 1186               	.LBE177:
 1187               	.LBE176:
 1188               	.LSM153:
 1189 0100 0E94 0000 		call Endpoint_ClearStatusStage
 1190               	.LSM154:
 1191 0104 CE01      		movw r24,r28
 1192 0106 0E94 0000 		call EVENT_CDC_Device_LineEncodingChanged
 1193 010a 00C0      		rjmp .L82
 1194               	.L77:
 1195               	.LSM155:
 1196 010c 8091 0000 		lds r24,USB_ControlRequest
 1197 0110 8132      		cpi r24,lo8(33)
 1198 0112 01F4      		brne .L82
 1199               	.LBB178:
 1200               	.LBB179:
 1201               	.LSM156:
 1202 0114 8091 E800 		lds r24,232
 1203 0118 877F      		andi r24,lo8(-9)
 1204 011a 8093 E800 		sts 232,r24
 1205               	.LBE179:
 1206               	.LBE178:
 1207               	.LSM157:
 1208 011e 0E94 0000 		call Endpoint_ClearStatusStage
 1209               	.LSM158:
 1210 0122 8091 0000 		lds r24,USB_ControlRequest+2
 1211 0126 9091 0000 		lds r25,(USB_ControlRequest+2)+1
 1212 012a 9E87      		std Y+14,r25
 1213 012c 8D87      		std Y+13,r24
 1214               	.LSM159:
 1215 012e CE01      		movw r24,r28
 1216 0130 0E94 0000 		call EVENT_CDC_Device_ControLineStateChanged
 1217 0134 00C0      		rjmp .L82
 1218               	.L86:
 1219               	.LSM160:
 1220 0136 8091 0000 		lds r24,USB_ControlRequest
 1221 013a 8132      		cpi r24,lo8(33)
 1222 013c 01F4      		brne .L82
 1223               	.LBB180:
 1224               	.LBB181:
 1225               	.LSM161:
 1226 013e 8091 E800 		lds r24,232
 1227 0142 877F      		andi r24,lo8(-9)
 1228 0144 8093 E800 		sts 232,r24
 1229               	.LBE181:
 1230               	.LBE180:
 1231               	.LSM162:
 1232 0148 0E94 0000 		call Endpoint_ClearStatusStage
 1233               	.LSM163:
 1234 014c CE01      		movw r24,r28
 1235 014e 6091 0000 		lds r22,USB_ControlRequest+2
 1236 0152 0E94 0000 		call EVENT_CDC_Device_BreakSent
 1237               	.L82:
 1238               	/* epilogue start */
 1239               	.LSM164:
 1240 0156 DF91      		pop r29
 1241 0158 CF91      		pop r28
 1242               	.LVL94:
 1243 015a 0895      		ret
 1244               	.LFE100:
 1246               		.data
 1249               	C.21.4265:
 1250 0000 A1        		.byte	-95
 1251 0001 20        		.byte	32
 1252 0002 0000      		.word	0
 1253 0004 0000      		.word	0
 1254 0006 0200      		.word	2
 1255               		.weak	EVENT_CDC_Device_LineEncodingChanged
 1256               		.set	EVENT_CDC_Device_LineEncodingChanged,CDC_Device_Event_Stub
 1257               		.weak	EVENT_CDC_Device_ControLineStateChanged
 1258               		.set	EVENT_CDC_Device_ControLineStateChanged,CDC_Device_Event_Stub
 1259               		.weak	EVENT_CDC_Device_BreakSent
 1260               		.set	EVENT_CDC_Device_BreakSent,CDC_Device_Event_Stub
 1405               	.Letext0:
DEFINED SYMBOLS
                            *ABS*:00000000 CDCClassDevice.c
C:\Users\Jose\AppData\Local\Temp/cceDe7FX.s:2      *ABS*:0000003f __SREG__
C:\Users\Jose\AppData\Local\Temp/cceDe7FX.s:3      *ABS*:0000003e __SP_H__
C:\Users\Jose\AppData\Local\Temp/cceDe7FX.s:4      *ABS*:0000003d __SP_L__
C:\Users\Jose\AppData\Local\Temp/cceDe7FX.s:5      *ABS*:00000034 __CCP__
C:\Users\Jose\AppData\Local\Temp/cceDe7FX.s:6      *ABS*:00000000 __tmp_reg__
C:\Users\Jose\AppData\Local\Temp/cceDe7FX.s:7      *ABS*:00000001 __zero_reg__
C:\Users\Jose\AppData\Local\Temp/cceDe7FX.s:19     .text.CDC_Device_BytesReceived:00000000 CDC_Device_BytesReceived
C:\Users\Jose\AppData\Local\Temp/cceDe7FX.s:109    .text.CDC_Device_ReceiveByte:00000000 CDC_Device_ReceiveByte
C:\Users\Jose\AppData\Local\Temp/cceDe7FX.s:220    .text.CDC_Device_CreateStream:00000000 CDC_Device_CreateStream
C:\Users\Jose\AppData\Local\Temp/cceDe7FX.s:737    .text.CDC_Device_putchar:00000000 CDC_Device_putchar
C:\Users\Jose\AppData\Local\Temp/cceDe7FX.s:287    .text.CDC_Device_getchar:00000000 CDC_Device_getchar
C:\Users\Jose\AppData\Local\Temp/cceDe7FX.s:254    .text.CDC_Device_CreateBlockingStream:00000000 CDC_Device_CreateBlockingStream
C:\Users\Jose\AppData\Local\Temp/cceDe7FX.s:603    .text.CDC_Device_getchar_Blocking:00000000 CDC_Device_getchar_Blocking
C:\Users\Jose\AppData\Local\Temp/cceDe7FX.s:319    .text.CDC_Device_Event_Stub:00000000 CDC_Device_Event_Stub
C:\Users\Jose\AppData\Local\Temp/cceDe7FX.s:332    .text.CDC_Device_SendControlLineStateChange:00000000 CDC_Device_SendControlLineStateChange
C:\Users\Jose\AppData\Local\Temp/cceDe7FX.s:1249   .data:00000000 C.21.4265
C:\Users\Jose\AppData\Local\Temp/cceDe7FX.s:428    .text.CDC_Device_SendData:00000000 CDC_Device_SendData
C:\Users\Jose\AppData\Local\Temp/cceDe7FX.s:476    .text.CDC_Device_Flush:00000000 CDC_Device_Flush
C:\Users\Jose\AppData\Local\Temp/cceDe7FX.s:573    .text.CDC_Device_USBTask:00000000 CDC_Device_USBTask
C:\Users\Jose\AppData\Local\Temp/cceDe7FX.s:655    .text.CDC_Device_SendByte:00000000 CDC_Device_SendByte
C:\Users\Jose\AppData\Local\Temp/cceDe7FX.s:771    .text.CDC_Device_SendString:00000000 CDC_Device_SendString
C:\Users\Jose\AppData\Local\Temp/cceDe7FX.s:825    .text.CDC_Device_ConfigureEndpoints:00000000 CDC_Device_ConfigureEndpoints
C:\Users\Jose\AppData\Local\Temp/cceDe7FX.s:982    .text.CDC_Device_ProcessControlRequest:00000000 CDC_Device_ProcessControlRequest
C:\Users\Jose\AppData\Local\Temp/cceDe7FX.s:319    .text.CDC_Device_Event_Stub:00000000 EVENT_CDC_Device_LineEncodingChanged
C:\Users\Jose\AppData\Local\Temp/cceDe7FX.s:319    .text.CDC_Device_Event_Stub:00000000 EVENT_CDC_Device_ControLineStateChanged
C:\Users\Jose\AppData\Local\Temp/cceDe7FX.s:319    .text.CDC_Device_Event_Stub:00000000 EVENT_CDC_Device_BreakSent

UNDEFINED SYMBOLS
USB_DeviceState
Endpoint_Write_Stream_LE
Endpoint_WaitUntilReady
USB_USBTask
Endpoint_ConfigureEndpoint_Prv
USB_ControlRequest
Endpoint_ClearStatusStage
__do_copy_data
