   1               		.file	"MIDIClassDevice.c"
   2               	__SREG__ = 0x3f
   3               	__SP_H__ = 0x3e
   4               	__SP_L__ = 0x3d
   5               	__CCP__  = 0x34
   6               	__tmp_reg__ = 0
   7               	__zero_reg__ = 1
  15               	.Ltext0:
  16               		.section	.text.MIDI_Device_ReceiveEventPacket,"ax",@progbits
  17               	.global	MIDI_Device_ReceiveEventPacket
  19               	MIDI_Device_ReceiveEventPacket:
  20               	.LFB104:
  21               	.LSM0:
  22               	.LVL0:
  23               	/* prologue: function */
  24               	/* frame size = 0 */
  25 0000 FC01      		movw r30,r24
  26               	.LSM1:
  27 0002 8091 0000 		lds r24,USB_DeviceState
  28               	.LVL1:
  29 0006 8430      		cpi r24,lo8(4)
  30 0008 01F4      		brne .L2
  31               	.LSM2:
  32 000a 8581      		ldd r24,Z+5
  33               	.LBB30:
  34               	.LBB31:
  35               	.LSM3:
  36 000c 8093 E900 		sts 233,r24
  37               	.LBE31:
  38               	.LBE30:
  39               	.LBB32:
  40               	.LBB33:
  41               	.LSM4:
  42 0010 8091 E800 		lds r24,232
  43               	.LBE33:
  44               	.LBE32:
  45               	.LSM5:
  46 0014 85FF      		sbrs r24,5
  47 0016 00C0      		rjmp .L2
  48               	.LSM6:
  49 0018 CB01      		movw r24,r22
  50 001a 64E0      		ldi r22,lo8(4)
  51 001c 70E0      		ldi r23,hi8(4)
  52               	.LVL2:
  53 001e 40E0      		ldi r20,lo8(0)
  54 0020 50E0      		ldi r21,hi8(0)
  55 0022 0E94 0000 		call Endpoint_Read_Stream_LE
  56               	.LVL3:
  57               	.LBB34:
  58               	.LBB35:
  59               	.LSM7:
  60 0026 8091 E800 		lds r24,232
  61               	.LBE35:
  62               	.LBE34:
  63               	.LSM8:
  64 002a 85FD      		sbrc r24,5
  65 002c 00C0      		rjmp .L6
  66               	.L3:
  67               	.LBB36:
  68               	.LBB37:
  69               	.LSM9:
  70 002e 8091 E800 		lds r24,232
  71 0032 8B77      		andi r24,lo8(123)
  72 0034 8093 E800 		sts 232,r24
  73               	.L6:
  74 0038 81E0      		ldi r24,lo8(1)
  75 003a 0895      		ret
  76               	.LVL4:
  77               	.L2:
  78 003c 80E0      		ldi r24,lo8(0)
  79               	.LBE37:
  80               	.LBE36:
  81               	.LSM10:
  82 003e 0895      		ret
  83               	.LFE104:
  85               		.section	.text.MIDI_Device_Flush,"ax",@progbits
  86               	.global	MIDI_Device_Flush
  88               	MIDI_Device_Flush:
  89               	.LFB103:
  90               	.LSM11:
  91               	.LVL5:
  92               	/* prologue: function */
  93               	/* frame size = 0 */
  94 0000 FC01      		movw r30,r24
  95               	.LSM12:
  96 0002 8091 0000 		lds r24,USB_DeviceState
  97               	.LVL6:
  98 0006 8430      		cpi r24,lo8(4)
  99 0008 01F0      		breq .L8
 100 000a 82E0      		ldi r24,lo8(2)
 101               	.LVL7:
 102 000c 0895      		ret
 103               	.LVL8:
 104               	.L8:
 105               	.LSM13:
 106 000e 8181      		ldd r24,Z+1
 107               	.LBB38:
 108               	.LBB39:
 109               	.LSM14:
 110 0010 8093 E900 		sts 233,r24
 111               	.LBE39:
 112               	.LBE38:
 113               	.LBB40:
 114               	.LBB41:
 115               	.LSM15:
 116 0014 4091 F300 		lds r20,243
 117 0018 2091 F200 		lds r18,242
 118               	.LBE41:
 119               	.LBE40:
 120               	.LSM16:
 121 001c 942F      		mov r25,r20
 122 001e 80E0      		ldi r24,lo8(0)
 123 0020 30E0      		ldi r19,lo8(0)
 124 0022 822B      		or r24,r18
 125 0024 932B      		or r25,r19
 126 0026 892B      		or r24,r25
 127 0028 01F4      		brne .L10
 128 002a 80E0      		ldi r24,lo8(0)
 129               	.LVL9:
 130 002c 0895      		ret
 131               	.LVL10:
 132               	.L10:
 133               	.LBB42:
 134               	.LBB43:
 135               	.LSM17:
 136 002e 8091 E800 		lds r24,232
 137 0032 8E77      		andi r24,lo8(126)
 138 0034 8093 E800 		sts 232,r24
 139               	.LBE43:
 140               	.LBE42:
 141               	.LSM18:
 142 0038 0E94 0000 		call Endpoint_WaitUntilReady
 143               	.LVL11:
 144               	.LSM19:
 145 003c 0895      		ret
 146               	.LFE103:
 148               		.section	.text.MIDI_Device_USBTask,"ax",@progbits
 149               	.global	MIDI_Device_USBTask
 151               	MIDI_Device_USBTask:
 152               	.LFB101:
 153               	.LSM20:
 154               	.LVL12:
 155               	/* prologue: function */
 156               	/* frame size = 0 */
 157 0000 9C01      		movw r18,r24
 158               	.LSM21:
 159 0002 8091 0000 		lds r24,USB_DeviceState
 160               	.LVL13:
 161 0006 8430      		cpi r24,lo8(4)
 162 0008 01F4      		brne .L14
 163               	.LSM22:
 164 000a C901      		movw r24,r18
 165 000c 0E94 0000 		call MIDI_Device_Flush
 166               	.LVL14:
 167               	.L14:
 168 0010 0895      		ret
 169               	.LFE101:
 171               		.section	.text.MIDI_Device_SendEventPacket,"ax",@progbits
 172               	.global	MIDI_Device_SendEventPacket
 174               	MIDI_Device_SendEventPacket:
 175               	.LFB102:
 176               	.LSM23:
 177               	.LVL15:
 178               	/* prologue: function */
 179               	/* frame size = 0 */
 180 0000 FC01      		movw r30,r24
 181               	.LSM24:
 182 0002 8091 0000 		lds r24,USB_DeviceState
 183               	.LVL16:
 184 0006 8430      		cpi r24,lo8(4)
 185 0008 01F0      		breq .L16
 186 000a 92E0      		ldi r25,lo8(2)
 187               	.LVL17:
 188 000c 00C0      		rjmp .L17
 189               	.LVL18:
 190               	.L16:
 191               	.LSM25:
 192 000e 8181      		ldd r24,Z+1
 193               	.LBB44:
 194               	.LBB45:
 195               	.LSM26:
 196 0010 8093 E900 		sts 233,r24
 197               	.LBE45:
 198               	.LBE44:
 199               	.LSM27:
 200 0014 CB01      		movw r24,r22
 201 0016 64E0      		ldi r22,lo8(4)
 202 0018 70E0      		ldi r23,hi8(4)
 203               	.LVL19:
 204 001a 40E0      		ldi r20,lo8(0)
 205 001c 50E0      		ldi r21,hi8(0)
 206 001e 0E94 0000 		call Endpoint_Write_Stream_LE
 207               	.LVL20:
 208 0022 982F      		mov r25,r24
 209               	.LVL21:
 210 0024 8823      		tst r24
 211 0026 01F4      		brne .L17
 212               	.LVL22:
 213               	.LBB46:
 214               	.LBB47:
 215               	.LSM28:
 216 0028 8091 E800 		lds r24,232
 217               	.LVL23:
 218               	.LBE47:
 219               	.LBE46:
 220               	.LSM29:
 221 002c 85FD      		sbrc r24,5
 222 002e 00C0      		rjmp .L17
 223               	.LBB48:
 224               	.LBB49:
 225               	.LSM30:
 226 0030 8091 E800 		lds r24,232
 227 0034 8E77      		andi r24,lo8(126)
 228 0036 8093 E800 		sts 232,r24
 229               	.LVL24:
 230               	.L17:
 231               	.LBE49:
 232               	.LBE48:
 233               	.LSM31:
 234 003a 892F      		mov r24,r25
 235               	/* epilogue start */
 236 003c 0895      		ret
 237               	.LFE102:
 239               		.section	.text.MIDI_Device_ConfigureEndpoints,"ax",@progbits
 240               	.global	MIDI_Device_ConfigureEndpoints
 242               	MIDI_Device_ConfigureEndpoints:
 243               	.LFB100:
 244               	.LSM32:
 245               	.LVL25:
 246 0000 1F93      		push r17
 247 0002 CF93      		push r28
 248 0004 DF93      		push r29
 249               	/* prologue: function */
 250               	/* frame size = 0 */
 251 0006 EC01      		movw r28,r24
 252               	.LSM33:
 253 0008 1986      		std Y+9,__zero_reg__
 254 000a 11E0      		ldi r17,lo8(1)
 255               	.LVL26:
 256               	.L29:
 257               	.LBB50:
 258               	.LBB51:
 259               	.LSM34:
 260 000c 8981      		ldd r24,Y+1
 261 000e 1817      		cp r17,r24
 262 0010 01F4      		brne .L20
 263               	.LSM35:
 264 0012 6A81      		ldd r22,Y+2
 265 0014 7B81      		ldd r23,Y+3
 266               	.LVL27:
 267               	.LSM36:
 268 0016 8C81      		ldd r24,Y+4
 269               	.LVL28:
 270 0018 30E8      		ldi r19,lo8(-128)
 271               	.LVL29:
 272 001a 00C0      		rjmp .L21
 273               	.LVL30:
 274               	.L20:
 275               	.LSM37:
 276 001c 8D81      		ldd r24,Y+5
 277 001e 1817      		cp r17,r24
 278 0020 01F4      		brne .L22
 279               	.LSM38:
 280 0022 6E81      		ldd r22,Y+6
 281 0024 7F81      		ldd r23,Y+7
 282               	.LVL31:
 283               	.LSM39:
 284 0026 8885      		ldd r24,Y+8
 285               	.LVL32:
 286 0028 30E0      		ldi r19,lo8(0)
 287               	.LVL33:
 288               	.L21:
 289               	.LSM40:
 290 002a 8823      		tst r24
 291 002c 01F4      		brne .L23
 292 002e 40E0      		ldi r20,lo8(0)
 293 0030 00C0      		rjmp .L24
 294               	.L23:
 295 0032 44E0      		ldi r20,lo8(4)
 296               	.L24:
 297 0034 20E0      		ldi r18,lo8(0)
 298               	.LVL34:
 299 0036 88E0      		ldi r24,lo8(8)
 300 0038 90E0      		ldi r25,hi8(8)
 301               	.LVL35:
 302 003a 00C0      		rjmp .L25
 303               	.L26:
 304               	.LBB52:
 305               	.LBB53:
 306               	.LBB54:
 307               	.LBB55:
 308               	.LSM41:
 309 003c 2F5F      		subi r18,lo8(-(1))
 310               	.LSM42:
 311 003e 880F      		lsl r24
 312 0040 991F      		rol r25
 313               	.L25:
 314               	.LSM43:
 315 0042 8617      		cp r24,r22
 316 0044 9707      		cpc r25,r23
 317 0046 00F0      		brlo .L26
 318               	.LBE55:
 319               	.LBE54:
 320               	.LBE53:
 321               	.LSM44:
 322 0048 60E0      		ldi r22,lo8(0)
 323               	.LVL36:
 324 004a 3111      		cpse r19,__zero_reg__
 325 004c 61E0      		ldi r22,lo8(1)
 326               	.L27:
 327 004e 6068      		ori r22,lo8(-128)
 328 0050 4260      		ori r20,lo8(2)
 329 0052 2295      		swap r18
 330 0054 207F      		andi r18,lo8(-16)
 331 0056 422B      		or r20,r18
 332 0058 812F      		mov r24,r17
 333               	.LVL37:
 334 005a 0E94 0000 		call Endpoint_ConfigureEndpoint_Prv
 335               	.LVL38:
 336               	.LBE52:
 337               	.LSM45:
 338 005e 8823      		tst r24
 339 0060 01F0      		breq .L28
 340               	.L22:
 341               	.LBE51:
 342               	.LSM46:
 343 0062 1F5F      		subi r17,lo8(-(1))
 344 0064 1730      		cpi r17,lo8(7)
 345 0066 01F4      		brne .L29
 346 0068 81E0      		ldi r24,lo8(1)
 347               	.L28:
 348               	/* epilogue start */
 349               	.LBE50:
 350               	.LSM47:
 351 006a DF91      		pop r29
 352 006c CF91      		pop r28
 353               	.LVL39:
 354 006e 1F91      		pop r17
 355               	.LVL40:
 356 0070 0895      		ret
 357               	.LFE100:
 415               	.Letext0:
DEFINED SYMBOLS
                            *ABS*:00000000 MIDIClassDevice.c
C:\Users\Jose\AppData\Local\Temp/ccH7Gspx.s:2      *ABS*:0000003f __SREG__
C:\Users\Jose\AppData\Local\Temp/ccH7Gspx.s:3      *ABS*:0000003e __SP_H__
C:\Users\Jose\AppData\Local\Temp/ccH7Gspx.s:4      *ABS*:0000003d __SP_L__
C:\Users\Jose\AppData\Local\Temp/ccH7Gspx.s:5      *ABS*:00000034 __CCP__
C:\Users\Jose\AppData\Local\Temp/ccH7Gspx.s:6      *ABS*:00000000 __tmp_reg__
C:\Users\Jose\AppData\Local\Temp/ccH7Gspx.s:7      *ABS*:00000001 __zero_reg__
C:\Users\Jose\AppData\Local\Temp/ccH7Gspx.s:19     .text.MIDI_Device_ReceiveEventPacket:00000000 MIDI_Device_ReceiveEventPacket
C:\Users\Jose\AppData\Local\Temp/ccH7Gspx.s:88     .text.MIDI_Device_Flush:00000000 MIDI_Device_Flush
C:\Users\Jose\AppData\Local\Temp/ccH7Gspx.s:151    .text.MIDI_Device_USBTask:00000000 MIDI_Device_USBTask
C:\Users\Jose\AppData\Local\Temp/ccH7Gspx.s:174    .text.MIDI_Device_SendEventPacket:00000000 MIDI_Device_SendEventPacket
C:\Users\Jose\AppData\Local\Temp/ccH7Gspx.s:242    .text.MIDI_Device_ConfigureEndpoints:00000000 MIDI_Device_ConfigureEndpoints

UNDEFINED SYMBOLS
USB_DeviceState
Endpoint_Read_Stream_LE
Endpoint_WaitUntilReady
Endpoint_Write_Stream_LE
Endpoint_ConfigureEndpoint_Prv
