   1               		.file	"USBInterrupt_AVR8.c"
   2               	__SREG__ = 0x3f
   3               	__SP_H__ = 0x3e
   4               	__SP_L__ = 0x3d
   5               	__CCP__  = 0x34
   6               	__tmp_reg__ = 0
   7               	__zero_reg__ = 1
  15               	.Ltext0:
  16               		.section	.text.USB_INT_DisableAllInterrupts,"ax",@progbits
  17               	.global	USB_INT_DisableAllInterrupts
  19               	USB_INT_DisableAllInterrupts:
  20               	.LFB85:
  21               	.LSM0:
  22               	/* prologue: function */
  23               	/* frame size = 0 */
  24               	.LSM1:
  25 0000 E8ED      		ldi r30,lo8(216)
  26 0002 F0E0      		ldi r31,hi8(216)
  27 0004 8081      		ld r24,Z
  28 0006 8E7F      		andi r24,lo8(-2)
  29 0008 8083      		st Z,r24
  30               	.LSM2:
  31 000a 1092 E200 		sts 226,__zero_reg__
  32               	/* epilogue start */
  33               	.LSM3:
  34 000e 0895      		ret
  35               	.LFE85:
  37               		.section	.text.USB_INT_ClearAllInterrupts,"ax",@progbits
  38               	.global	USB_INT_ClearAllInterrupts
  40               	USB_INT_ClearAllInterrupts:
  41               	.LFB86:
  42               	.LSM4:
  43               	/* prologue: function */
  44               	/* frame size = 0 */
  45               	.LSM5:
  46 0000 1092 DA00 		sts 218,__zero_reg__
  47               	.LSM6:
  48 0004 1092 E100 		sts 225,__zero_reg__
  49               	/* epilogue start */
  50               	.LSM7:
  51 0008 0895      		ret
  52               	.LFE86:
  54               		.section	.text.__vector_10,"ax",@progbits
  55               	.global	__vector_10
  57               	__vector_10:
  58               	.LFB87:
  59               	.LSM8:
  60 0000 1F92      		push __zero_reg__
  61 0002 0F92      		push r0
  62 0004 0FB6      		in r0,__SREG__
  63 0006 0F92      		push r0
  64 0008 1124      		clr __zero_reg__
  65 000a 2F93      		push r18
  66 000c 3F93      		push r19
  67 000e 4F93      		push r20
  68 0010 5F93      		push r21
  69 0012 6F93      		push r22
  70 0014 7F93      		push r23
  71 0016 8F93      		push r24
  72 0018 9F93      		push r25
  73 001a AF93      		push r26
  74 001c BF93      		push r27
  75 001e EF93      		push r30
  76 0020 FF93      		push r31
  77               	/* prologue: Signal */
  78               	/* frame size = 0 */
  79               	.LBB70:
  80               	.LBB71:
  81               	.LSM9:
  82 0022 8091 E100 		lds r24,225
  83               	.LBE71:
  84               	.LBE70:
  85               	.LSM10:
  86 0026 82FF      		sbrs r24,2
  87 0028 00C0      		rjmp .L6
  88               	.LBB72:
  89               	.LBB73:
  90               	.LSM11:
  91 002a 8091 E200 		lds r24,226
  92               	.LBE73:
  93               	.LBE72:
  94               	.LSM12:
  95 002e 82FF      		sbrs r24,2
  96 0030 00C0      		rjmp .L6
  97               	.LBB74:
  98               	.LBB75:
  99               	.LSM13:
 100 0032 8091 E100 		lds r24,225
 101 0036 8B7F      		andi r24,lo8(-5)
 102 0038 8093 E100 		sts 225,r24
 103               	.LBE75:
 104               	.LBE74:
 105               	.LSM14:
 106 003c 0E94 0000 		call EVENT_USB_Device_StartOfFrame
 107               	.L6:
 108               	.LBB76:
 109               	.LBB77:
 110               	.LSM15:
 111 0040 8091 DA00 		lds r24,218
 112               	.LBE77:
 113               	.LBE76:
 114               	.LSM16:
 115 0044 80FF      		sbrs r24,0
 116 0046 00C0      		rjmp .L7
 117               	.LBB78:
 118               	.LBB79:
 119               	.LSM17:
 120 0048 8091 D800 		lds r24,216
 121               	.LBE79:
 122               	.LBE78:
 123               	.LSM18:
 124 004c 80FF      		sbrs r24,0
 125 004e 00C0      		rjmp .L7
 126               	.LBB80:
 127               	.LBB81:
 128               	.LSM19:
 129 0050 8091 DA00 		lds r24,218
 130 0054 8E7F      		andi r24,lo8(-2)
 131 0056 8093 DA00 		sts 218,r24
 132               	.LBE81:
 133               	.LBE80:
 134               	.LBB82:
 135               	.LBB83:
 136               	.LSM20:
 137 005a 8091 D900 		lds r24,217
 138               	.LBE83:
 139               	.LBE82:
 140               	.LSM21:
 141 005e 80FF      		sbrs r24,0
 142 0060 00C0      		rjmp .L8
 143               	.LBB84:
 144               	.LBB85:
 145               	.LSM22:
 146 0062 80E1      		ldi r24,lo8(16)
 147 0064 89BD      		out 73-32,r24
 148               	.LSM23:
 149 0066 82E1      		ldi r24,lo8(18)
 150 0068 89BD      		out 73-32,r24
 151               	.L9:
 152               	.LBE85:
 153               	.LBE84:
 154               	.LSM24:
 155 006a 09B4      		in __tmp_reg__,73-32
 156 006c 00FE      		sbrs __tmp_reg__,0
 157 006e 00C0      		rjmp .L9
 158               	.LSM25:
 159 0070 81E0      		ldi r24,lo8(1)
 160 0072 8093 0000 		sts USB_DeviceState,r24
 161               	.LSM26:
 162 0076 0E94 0000 		call EVENT_USB_Device_Connect
 163 007a 00C0      		rjmp .L7
 164               	.L8:
 165               	.LBB86:
 166               	.LBB87:
 167               	.LSM27:
 168 007c 19BC      		out 73-32,__zero_reg__
 169               	.LBE87:
 170               	.LBE86:
 171               	.LSM28:
 172 007e 1092 0000 		sts USB_DeviceState,__zero_reg__
 173               	.LSM29:
 174 0082 0E94 0000 		call EVENT_USB_Device_Disconnect
 175               	.L7:
 176               	.LBB88:
 177               	.LBB89:
 178               	.LSM30:
 179 0086 8091 E100 		lds r24,225
 180               	.LBE89:
 181               	.LBE88:
 182               	.LSM31:
 183 008a 80FF      		sbrs r24,0
 184 008c 00C0      		rjmp .L10
 185               	.LBB90:
 186               	.LBB91:
 187               	.LSM32:
 188 008e 8091 E200 		lds r24,226
 189               	.LBE91:
 190               	.LBE90:
 191               	.LSM33:
 192 0092 80FF      		sbrs r24,0
 193 0094 00C0      		rjmp .L10
 194               	.LBB92:
 195               	.LBB93:
 196               	.LSM34:
 197 0096 8091 E200 		lds r24,226
 198 009a 8E7F      		andi r24,lo8(-2)
 199 009c 8093 E200 		sts 226,r24
 200               	.LBE93:
 201               	.LBE92:
 202               	.LBB94:
 203               	.LBB95:
 204               	.LSM35:
 205 00a0 8091 E200 		lds r24,226
 206 00a4 8061      		ori r24,lo8(16)
 207 00a6 8093 E200 		sts 226,r24
 208               	.LBE95:
 209               	.LBE94:
 210               	.LBB96:
 211               	.LBB97:
 212               	.LSM36:
 213 00aa 8091 D800 		lds r24,216
 214 00ae 8062      		ori r24,lo8(32)
 215 00b0 8093 D800 		sts 216,r24
 216               	.LBE97:
 217               	.LBE96:
 218               	.LBB98:
 219               	.LBB99:
 220               	.LSM37:
 221 00b4 19BC      		out 73-32,__zero_reg__
 222               	.LBE99:
 223               	.LBE98:
 224               	.LSM38:
 225 00b6 85E0      		ldi r24,lo8(5)
 226 00b8 8093 0000 		sts USB_DeviceState,r24
 227               	.LSM39:
 228 00bc 0E94 0000 		call EVENT_USB_Device_Suspend
 229               	.L10:
 230               	.LBB100:
 231               	.LBB101:
 232               	.LSM40:
 233 00c0 8091 E100 		lds r24,225
 234               	.LBE101:
 235               	.LBE100:
 236               	.LSM41:
 237 00c4 84FF      		sbrs r24,4
 238 00c6 00C0      		rjmp .L11
 239               	.LBB102:
 240               	.LBB103:
 241               	.LSM42:
 242 00c8 8091 E200 		lds r24,226
 243               	.LBE103:
 244               	.LBE102:
 245               	.LSM43:
 246 00cc 84FF      		sbrs r24,4
 247 00ce 00C0      		rjmp .L11
 248               	.LBB104:
 249               	.LBB105:
 250               	.LSM44:
 251 00d0 80E1      		ldi r24,lo8(16)
 252 00d2 89BD      		out 73-32,r24
 253               	.LSM45:
 254 00d4 82E1      		ldi r24,lo8(18)
 255 00d6 89BD      		out 73-32,r24
 256               	.L12:
 257               	.LBE105:
 258               	.LBE104:
 259               	.LSM46:
 260 00d8 09B4      		in __tmp_reg__,73-32
 261 00da 00FE      		sbrs __tmp_reg__,0
 262 00dc 00C0      		rjmp .L12
 263               	.LBB106:
 264               	.LBB107:
 265               	.LSM47:
 266 00de 8091 D800 		lds r24,216
 267 00e2 8F7D      		andi r24,lo8(-33)
 268 00e4 8093 D800 		sts 216,r24
 269               	.LBE107:
 270               	.LBE106:
 271               	.LBB108:
 272               	.LBB109:
 273               	.LSM48:
 274 00e8 8091 E100 		lds r24,225
 275 00ec 8F7E      		andi r24,lo8(-17)
 276 00ee 8093 E100 		sts 225,r24
 277               	.LBE109:
 278               	.LBE108:
 279               	.LBB110:
 280               	.LBB111:
 281               	.LSM49:
 282 00f2 8091 E200 		lds r24,226
 283 00f6 8F7E      		andi r24,lo8(-17)
 284 00f8 8093 E200 		sts 226,r24
 285               	.LBE111:
 286               	.LBE110:
 287               	.LBB112:
 288               	.LBB113:
 289               	.LSM50:
 290 00fc 8091 E200 		lds r24,226
 291 0100 8160      		ori r24,lo8(1)
 292 0102 8093 E200 		sts 226,r24
 293               	.LBE113:
 294               	.LBE112:
 295               	.LSM51:
 296 0106 8091 0000 		lds r24,USB_Device_ConfigurationNumber
 297 010a 8823      		tst r24
 298 010c 01F4      		brne .L15
 299               	.L13:
 300               	.LBB114:
 301               	.LBB115:
 302               	.LSM52:
 303 010e 8091 E300 		lds r24,227
 304               	.LBE115:
 305               	.LBE114:
 306               	.LSM53:
 307 0112 87FD      		sbrc r24,7
 308 0114 00C0      		rjmp .L15
 309 0116 81E0      		ldi r24,lo8(1)
 310               	.LVL0:
 311 0118 00C0      		rjmp .L16
 312               	.LVL1:
 313               	.L15:
 314 011a 84E0      		ldi r24,lo8(4)
 315               	.LVL2:
 316               	.L16:
 317 011c 8093 0000 		sts USB_DeviceState,r24
 318               	.LSM54:
 319 0120 0E94 0000 		call EVENT_USB_Device_WakeUp
 320               	.LVL3:
 321               	.L11:
 322               	.LBB116:
 323               	.LBB117:
 324               	.LSM55:
 325 0124 8091 E100 		lds r24,225
 326               	.LBE117:
 327               	.LBE116:
 328               	.LSM56:
 329 0128 83FF      		sbrs r24,3
 330 012a 00C0      		rjmp .L18
 331               	.LBB118:
 332               	.LBB119:
 333               	.LSM57:
 334 012c 8091 E200 		lds r24,226
 335               	.LBE119:
 336               	.LBE118:
 337               	.LSM58:
 338 0130 83FF      		sbrs r24,3
 339 0132 00C0      		rjmp .L18
 340               	.LBB120:
 341               	.LBB121:
 342               	.LSM59:
 343 0134 8091 E100 		lds r24,225
 344 0138 877F      		andi r24,lo8(-9)
 345 013a 8093 E100 		sts 225,r24
 346               	.LBE121:
 347               	.LBE120:
 348               	.LSM60:
 349 013e 82E0      		ldi r24,lo8(2)
 350 0140 8093 0000 		sts USB_DeviceState,r24
 351               	.LSM61:
 352 0144 1092 0000 		sts USB_Device_ConfigurationNumber,__zero_reg__
 353               	.LBB122:
 354               	.LBB123:
 355               	.LSM62:
 356 0148 8091 E100 		lds r24,225
 357 014c 8E7F      		andi r24,lo8(-2)
 358 014e 8093 E100 		sts 225,r24
 359               	.LBE123:
 360               	.LBE122:
 361               	.LBB124:
 362               	.LBB125:
 363               	.LSM63:
 364 0152 8091 E200 		lds r24,226
 365 0156 8E7F      		andi r24,lo8(-2)
 366 0158 8093 E200 		sts 226,r24
 367               	.LBE125:
 368               	.LBE124:
 369               	.LBB126:
 370               	.LBB127:
 371               	.LSM64:
 372 015c 8091 E200 		lds r24,226
 373 0160 8061      		ori r24,lo8(16)
 374 0162 8093 E200 		sts 226,r24
 375               	.LBE127:
 376               	.LBE126:
 377               	.LBB128:
 378               	.LBB129:
 379               	.LSM65:
 380 0166 80E0      		ldi r24,lo8(0)
 381 0168 60E0      		ldi r22,lo8(0)
 382 016a 42E0      		ldi r20,lo8(2)
 383 016c 0E94 0000 		call Endpoint_ConfigureEndpoint_Prv
 384               	.LBE129:
 385               	.LBE128:
 386               	.LSM66:
 387 0170 0E94 0000 		call EVENT_USB_Device_Reset
 388               	.L18:
 389               	/* epilogue start */
 390               	.LSM67:
 391 0174 FF91      		pop r31
 392 0176 EF91      		pop r30
 393 0178 BF91      		pop r27
 394 017a AF91      		pop r26
 395 017c 9F91      		pop r25
 396 017e 8F91      		pop r24
 397 0180 7F91      		pop r23
 398 0182 6F91      		pop r22
 399 0184 5F91      		pop r21
 400 0186 4F91      		pop r20
 401 0188 3F91      		pop r19
 402 018a 2F91      		pop r18
 403 018c 0F90      		pop r0
 404 018e 0FBE      		out __SREG__,r0
 405 0190 0F90      		pop r0
 406 0192 1F90      		pop __zero_reg__
 407 0194 1895      		reti
 408               	.LFE87:
 450               	.Letext0:
DEFINED SYMBOLS
                            *ABS*:00000000 USBInterrupt_AVR8.c
C:\Users\Jose\AppData\Local\Temp/ccPi3bwn.s:2      *ABS*:0000003f __SREG__
C:\Users\Jose\AppData\Local\Temp/ccPi3bwn.s:3      *ABS*:0000003e __SP_H__
C:\Users\Jose\AppData\Local\Temp/ccPi3bwn.s:4      *ABS*:0000003d __SP_L__
C:\Users\Jose\AppData\Local\Temp/ccPi3bwn.s:5      *ABS*:00000034 __CCP__
C:\Users\Jose\AppData\Local\Temp/ccPi3bwn.s:6      *ABS*:00000000 __tmp_reg__
C:\Users\Jose\AppData\Local\Temp/ccPi3bwn.s:7      *ABS*:00000001 __zero_reg__
C:\Users\Jose\AppData\Local\Temp/ccPi3bwn.s:19     .text.USB_INT_DisableAllInterrupts:00000000 USB_INT_DisableAllInterrupts
C:\Users\Jose\AppData\Local\Temp/ccPi3bwn.s:40     .text.USB_INT_ClearAllInterrupts:00000000 USB_INT_ClearAllInterrupts
C:\Users\Jose\AppData\Local\Temp/ccPi3bwn.s:57     .text.__vector_10:00000000 __vector_10

UNDEFINED SYMBOLS
EVENT_USB_Device_StartOfFrame
USB_DeviceState
EVENT_USB_Device_Connect
EVENT_USB_Device_Disconnect
EVENT_USB_Device_Suspend
USB_Device_ConfigurationNumber
EVENT_USB_Device_WakeUp
Endpoint_ConfigureEndpoint_Prv
EVENT_USB_Device_Reset
